{
  "RSpec": {
    "coverage": {
      "/Users/pedrocastanheira/Projects/week4/bookmark_manager/app/models/link.rb": [
        1,
        null,
        1,
        1,
        null,
        1,
        null,
        1,
        1,
        1,
        null
      ],
      "/Users/pedrocastanheira/Projects/week4/bookmark_manager/app/bookmark.rb": [
        1,
        null,
        1,
        1,
        null,
        1,
        null,
        1,
        0,
        null,
        null,
        1,
        4,
        4,
        null,
        null,
        1,
        2,
        null,
        null,
        1,
        2,
        2,
        2,
        2,
        2,
        null,
        null,
        null,
        1,
        null
      ],
      "/Users/pedrocastanheira/Projects/week4/bookmark_manager/app/data_mapper_setup.rb": [
        1,
        null,
        1,
        1,
        null,
        1,
        1,
        1
      ],
      "/Users/pedrocastanheira/Projects/week4/bookmark_manager/app/models/tag.rb": [
        1,
        null,
        1,
        1,
        null,
        1,
        1,
        null
      ],
      "/Users/pedrocastanheira/Projects/week4/bookmark_manager/spec/features/1. feature_tests_spec.rb": [
        null,
        null,
        null,
        null,
        1,
        1,
        1,
        1,
        1,
        1,
        null,
        null,
        null
      ],
      "/Users/pedrocastanheira/Projects/week4/bookmark_manager/spec/features/2. creating_links_spec.rb": [
        1,
        1,
        1,
        1,
        1,
        1,
        1,
        1,
        null,
        null
      ],
      "/Users/pedrocastanheira/Projects/week4/bookmark_manager/spec/features/3. add_tag_to_link_spec.rb": [
        null,
        null,
        null,
        null,
        1,
        1,
        1,
        1,
        1,
        1,
        1,
        1,
        1,
        null,
        null
      ]
    },
    "timestamp": 1485436418
  }
}
